[2019-12-09 13:47:44] app.ERROR: Class "AdminLinkWidgetController" not found in controllers/admin [] []
[2019-12-09 13:48:13] app.INFO: Exporting mail with theme modern for language Español (Spanish) [] []
[2019-12-09 13:48:13] app.INFO: Core output folder: /var/www/html/mails [] []
[2019-12-09 13:48:13] app.INFO: Modules output folder: /var/www/html/modules/ [] []
[2019-12-09 13:48:22] app.INFO: Exporting mail with theme modern for language Català (Catalan) [] []
[2019-12-09 13:48:22] app.INFO: Core output folder: /var/www/html/mails [] []
[2019-12-09 13:48:22] app.INFO: Modules output folder: /var/www/html/modules/ [] []
[2019-12-09 13:48:29] app.INFO: Exporting mail with theme modern for language Galego (Galician) [] []
[2019-12-09 13:48:29] app.INFO: Core output folder: /var/www/html/mails [] []
[2019-12-09 13:48:29] app.INFO: Modules output folder: /var/www/html/modules/ [] []
[2019-12-09 13:48:31] app.INFO: Exporting mail with theme modern for language Euskera (Basque) [] []
[2019-12-09 13:48:31] app.INFO: Core output folder: /var/www/html/mails [] []
[2019-12-09 13:48:31] app.INFO: Modules output folder: /var/www/html/modules/ [] []
[2019-12-15 19:45:01] request.INFO: Matched route "admin_module_manage_action". {"route":"admin_module_manage_action","route_parameters":{"_controller":"PrestaShopBundle\\Controller\\Admin\\Improve\\ModuleController::moduleAction","action":"upgrade","module_name":"iqitmegamenu","_route":"admin_module_manage_action"},"request_uri":"http://www.regalando1sonrisa.org/admin786icvj8i/index.php/improve/modules/manage/action/upgrade/iqitmegamenu?_token=8Np6jsnjAiuv_yff-eNsvxUcgVzh4v7OEvN8jGjCFZg","method":"POST"} []
[2019-12-15 19:45:01] security.DEBUG: Read existing security token from the session. {"key":"_security_main","token_class":"Symfony\\Component\\Security\\Core\\Authentication\\Token\\UsernamePasswordToken"} []
[2019-12-15 19:45:01] security.DEBUG: User was reloaded from a user provider. {"provider":"PrestaShopBundle\\Security\\Admin\\EmployeeProvider","username":"vicsoft01@gmail.com"} []
[2019-12-15 19:45:01] app.ERROR: Excepción emitida por el módulo iqitmegamenu en upgrade. Error sent by Addons. You may need to be logged. [] []
[2019-12-15 19:45:01] security.DEBUG: Stored the security token in the session. {"key":"_security_main"} []
[2019-12-22 10:21:58] request.INFO: Matched route "admin_module_manage_action". {"route":"admin_module_manage_action","route_parameters":{"_controller":"PrestaShopBundle\\Controller\\Admin\\Improve\\ModuleController::moduleAction","action":"upgrade","module_name":"iqitmegamenu","_route":"admin_module_manage_action"},"request_uri":"http://www.regalando1sonrisa.org/admin786icvj8i/index.php/improve/modules/manage/action/upgrade/iqitmegamenu?_token=OdpIwrEJdgwjlf-7niwZr6XKPOmrRd7K4RvAT2QMUVw","method":"POST"} []
[2019-12-22 10:21:58] security.DEBUG: Read existing security token from the session. {"key":"_security_main","token_class":"Symfony\\Component\\Security\\Core\\Authentication\\Token\\UsernamePasswordToken"} []
[2019-12-22 10:21:58] security.DEBUG: User was reloaded from a user provider. {"provider":"PrestaShopBundle\\Security\\Admin\\EmployeeProvider","username":"vicsoft01@gmail.com"} []
[2019-12-22 10:21:58] app.ERROR: Excepción emitida por el módulo iqitmegamenu en upgrade. Error sent by Addons. You may need to be logged. [] []
[2019-12-22 10:21:58] security.DEBUG: Stored the security token in the session. {"key":"_security_main"} []
[2019-12-31 15:13:28] request.INFO: Matched route "admin_common_notifications". {"route":"admin_common_notifications","route_parameters":{"_controller":"PrestaShopBundle\\Controller\\Admin\\CommonController::notificationsAction","_legacy_controller":"AdminCommon","_legacy_link":"AdminCommon","_route":"admin_common_notifications"},"request_uri":"https://www.regalonatural.es/admin786icvj8i/index.php/common/notifications?_token=HX48j3FVTK6Puhx2fhEaUkIwbFetfuHx1rzS-whbGqg&rand=1577801607860","method":"POST"} []
[2019-12-31 15:13:28] security.DEBUG: Read existing security token from the session. {"key":"_security_main","token_class":"Symfony\\Component\\Security\\Core\\Authentication\\Token\\UsernamePasswordToken"} []
[2019-12-31 15:13:28] security.DEBUG: User was reloaded from a user provider. {"provider":"PrestaShopBundle\\Security\\Admin\\EmployeeProvider","username":"vicsoft01@gmail.com"} []
[2019-12-31 15:13:28] request.CRITICAL: Uncaught PHP Exception InvalidArgumentException: "The directory "/var/www/html/var/cache/prod/doctrine" is not writable." at /var/www/html/vendor/doctrine/cache/lib/Doctrine/Common/Cache/FileCache.php line 92 {"exception":"[object] (InvalidArgumentException(code: 0): The directory \"/var/www/html/var/cache/prod/doctrine\" is not writable. at /var/www/html/vendor/doctrine/cache/lib/Doctrine/Common/Cache/FileCache.php:92)"} []
[2019-12-31 15:13:28] request.CRITICAL: Exception thrown when handling an exception (InvalidArgumentException: The directory "/var/www/html/var/cache/prod/doctrine" is not writable. at /var/www/html/vendor/doctrine/cache/lib/Doctrine/Common/Cache/FileCache.php line 92) {"exception":"[object] (InvalidArgumentException(code: 0): The directory \"/var/www/html/var/cache/prod/doctrine\" is not writable. at /var/www/html/vendor/doctrine/cache/lib/Doctrine/Common/Cache/FileCache.php:92)"} []
[2020-04-01 21:38:39] request.INFO: Matched route "admin_module_manage". {"route":"admin_module_manage","route_parameters":{"category":null,"keyword":null,"_controller":"PrestaShopBundle\\Controller\\Admin\\Improve\\ModuleController::manageAction","_legacy_controller":"AdminModulesManage","_legacy_link":["AdminModulesManage","AdminModulesSf"],"_route":"admin_module_manage"},"request_uri":"https://www.regalonatural.com/admin786icvj8i/index.php/improve/modules/manage?_token=vs8r5jdK8VltlvnvG4rwiG_69DtGP4d6SibET9vlN2A","method":"GET"} []
[2020-04-01 21:38:39] security.DEBUG: Read existing security token from the session. {"key":"_security_main","token_class":"Symfony\\Component\\Security\\Core\\Authentication\\Token\\UsernamePasswordToken"} []
[2020-04-01 21:38:39] security.DEBUG: User was reloaded from a user provider. {"provider":"PrestaShopBundle\\Security\\Admin\\EmployeeProvider","username":"vicsoft01@gmail.com"} []
[2020-04-01 21:38:39] app.ERROR: The addon with id 26233 does not have name. [] []
[2020-04-01 21:38:39] security.DEBUG: Stored the security token in the session. {"key":"_security_main"} []
[2020-04-01 21:45:05] request.INFO: Matched route "admin_module_manage". {"route":"admin_module_manage","route_parameters":{"category":null,"keyword":null,"_controller":"PrestaShopBundle\\Controller\\Admin\\Improve\\ModuleController::manageAction","_legacy_controller":"AdminModulesManage","_legacy_link":["AdminModulesManage","AdminModulesSf"],"_route":"admin_module_manage"},"request_uri":"https://www.regalonatural.com/admin786icvj8i/index.php/improve/modules/manage?_token=vs8r5jdK8VltlvnvG4rwiG_69DtGP4d6SibET9vlN2A","method":"GET"} []
[2020-04-01 21:45:05] security.DEBUG: Read existing security token from the session. {"key":"_security_main","token_class":"Symfony\\Component\\Security\\Core\\Authentication\\Token\\UsernamePasswordToken"} []
[2020-04-01 21:45:05] security.DEBUG: User was reloaded from a user provider. {"provider":"PrestaShopBundle\\Security\\Admin\\EmployeeProvider","username":"vicsoft01@gmail.com"} []
[2020-04-01 21:45:05] app.ERROR: The addon with id 26233 does not have name. [] []
[2020-04-01 21:45:06] security.DEBUG: Stored the security token in the session. {"key":"_security_main"} []
[2020-04-01 21:45:21] request.INFO: Matched route "admin_module_notification". {"route":"admin_module_notification","route_parameters":{"_controller":"PrestaShopBundle\\Controller\\Admin\\Improve\\Modules\\AlertsController::indexAction","_legacy_controller":"AdminModulesNotifications","_legacy_link":"AdminModulesNotifications","_route":"admin_module_notification"},"request_uri":"https://www.regalonatural.com/admin786icvj8i/index.php/improve/modules/alerts?_token=vs8r5jdK8VltlvnvG4rwiG_69DtGP4d6SibET9vlN2A","method":"GET"} []
[2020-04-01 21:45:21] security.DEBUG: Read existing security token from the session. {"key":"_security_main","token_class":"Symfony\\Component\\Security\\Core\\Authentication\\Token\\UsernamePasswordToken"} []
[2020-04-01 21:45:21] security.DEBUG: User was reloaded from a user provider. {"provider":"PrestaShopBundle\\Security\\Admin\\EmployeeProvider","username":"vicsoft01@gmail.com"} []
[2020-04-01 21:45:21] app.ERROR: The addon with id 26233 does not have name. [] []
[2020-04-01 21:45:22] security.DEBUG: Stored the security token in the session. {"key":"_security_main"} []
